
*** Running vivado
    with args -log interconnection_16_4.vds -m64 -product Vivado -mode batch -messageDb vivado.pb -notrace -source interconnection_16_4.tcl


ECHO is off.
ECHO is off.

****** Vivado v2023.1 (64-bit)
  **** SW Build 3865809 on Sun May  7 15:05:29 MDT 2023
  **** IP Build 3864474 on Sun May  7 20:36:21 MDT 2023
  **** SharedData Build 3865790 on Sun May 07 13:33:03 MDT 2023
    ** Copyright 1986-2022 Xilinx, Inc. All Rights Reserved.
    ** Copyright 2022-2023 Advanced Micro Devices, Inc. All Rights Reserved.

source interconnection_16_4.tcl -notrace
create_project: Time (s): cpu = 00:00:07 ; elapsed = 00:00:09 . Memory (MB): peak = 469.539 ; gain = 200.258
Command: read_checkpoint -auto_incremental -incremental {Z:/University/Architettura Sistemi Digitali/VHDL/exercise/exe 1.2 - Rete inteconnessione 16_4/exe 1.2 - Rete inteconnessione 16_4.srcs/utils_1/imports/synth_1/interconnection_16_4.dcp}
INFO: [Vivado 12-5825] Read reference checkpoint from Z:/University/Architettura Sistemi Digitali/VHDL/exercise/exe 1.2 - Rete inteconnessione 16_4/exe 1.2 - Rete inteconnessione 16_4.srcs/utils_1/imports/synth_1/interconnection_16_4.dcp for incremental synthesis
INFO: [Vivado 12-7989] Please ensure there are no constraint changes
Command: synth_design -top interconnection_16_4 -part xc7a50ticsg324-1L
Starting synth_design
Attempting to get a license for feature 'Synthesis' and/or device 'xc7a50ti'
INFO: [Common 17-349] Got license for feature 'Synthesis' and/or device 'xc7a50ti'
INFO: [Designutils 20-5440] No compile time benefit to using incremental synthesis; A full resynthesis will be run
INFO: [Designutils 20-4379] Flow is switching to default flow due to incremental criteria not met. If you would like to alter this behaviour and have the flow terminate instead, please set the following parameter config_implementation {autoIncr.Synth.RejectBehavior Terminate}
INFO: [Synth 8-7079] Multithreading enabled for synth_design using a maximum of 2 processes.
INFO: [Synth 8-7078] Launching helper process for spawning children vivado processes
INFO: [Synth 8-7075] Helper process launched with PID 9636
---------------------------------------------------------------------------------
Starting Synthesize : Time (s): cpu = 00:00:06 ; elapsed = 00:00:07 . Memory (MB): peak = 909.648 ; gain = 406.891
---------------------------------------------------------------------------------
INFO: [Synth 8-638] synthesizing module 'interconnection_16_4' [Z:/University/Architettura Sistemi Digitali/VHDL/exercise/exe 1.2 - Rete inteconnessione 16_4/exe 1.2 - Rete inteconnessione 16_4.srcs/sources_1/new/interconnection_16_4.vhd:15]
INFO: [Synth 8-638] synthesizing module 'mux_16_1' [Z:/University/Architettura Sistemi Digitali/VHDL/exercise/exe 1.2 - Rete inteconnessione 16_4/exe 1.2 - Rete inteconnessione 16_4.srcs/sources_1/imports/VHDL/exercise/exe_1.1 - Mux 16_1/exe_1.1 - Mux 16_1.srcs/sources_1/new/mux_16_1.vhd:43]
INFO: [Synth 8-638] synthesizing module 'mux_4_1' [Z:/University/Architettura Sistemi Digitali/VHDL/exercise/exe 1.2 - Rete inteconnessione 16_4/exe 1.2 - Rete inteconnessione 16_4.srcs/sources_1/imports/VHDL/exercise/first_examples/first_examples.srcs/sources_1/new/mux_4_1.vhd:46]
INFO: [Synth 8-638] synthesizing module 'mux_2_1' [Z:/University/Architettura Sistemi Digitali/VHDL/exercise/exe 1.2 - Rete inteconnessione 16_4/exe 1.2 - Rete inteconnessione 16_4.srcs/sources_1/imports/VHDL/exercise/first_examples/first_examples.srcs/sources_1/new/mux_2_1.vhd:43]
INFO: [Synth 8-256] done synthesizing module 'mux_2_1' (0#1) [Z:/University/Architettura Sistemi Digitali/VHDL/exercise/exe 1.2 - Rete inteconnessione 16_4/exe 1.2 - Rete inteconnessione 16_4.srcs/sources_1/imports/VHDL/exercise/first_examples/first_examples.srcs/sources_1/new/mux_2_1.vhd:43]
INFO: [Synth 8-256] done synthesizing module 'mux_4_1' (0#1) [Z:/University/Architettura Sistemi Digitali/VHDL/exercise/exe 1.2 - Rete inteconnessione 16_4/exe 1.2 - Rete inteconnessione 16_4.srcs/sources_1/imports/VHDL/exercise/first_examples/first_examples.srcs/sources_1/new/mux_4_1.vhd:46]
INFO: [Synth 8-256] done synthesizing module 'mux_16_1' (0#1) [Z:/University/Architettura Sistemi Digitali/VHDL/exercise/exe 1.2 - Rete inteconnessione 16_4/exe 1.2 - Rete inteconnessione 16_4.srcs/sources_1/imports/VHDL/exercise/exe_1.1 - Mux 16_1/exe_1.1 - Mux 16_1.srcs/sources_1/new/mux_16_1.vhd:43]
INFO: [Synth 8-638] synthesizing module 'demux_1_4' [Z:/University/Architettura Sistemi Digitali/VHDL/exercise/exe 1.2 - Rete inteconnessione 16_4/exe 1.2 - Rete inteconnessione 16_4.srcs/sources_1/imports/VHDL/VIVADO-PROJECTS/demux_1_4/demux_1_4.srcs/sources_1/new/demux_1_4.vhd:12]
INFO: [Synth 8-256] done synthesizing module 'demux_1_4' (0#1) [Z:/University/Architettura Sistemi Digitali/VHDL/exercise/exe 1.2 - Rete inteconnessione 16_4/exe 1.2 - Rete inteconnessione 16_4.srcs/sources_1/imports/VHDL/VIVADO-PROJECTS/demux_1_4/demux_1_4.srcs/sources_1/new/demux_1_4.vhd:12]
INFO: [Synth 8-256] done synthesizing module 'interconnection_16_4' (0#1) [Z:/University/Architettura Sistemi Digitali/VHDL/exercise/exe 1.2 - Rete inteconnessione 16_4/exe 1.2 - Rete inteconnessione 16_4.srcs/sources_1/new/interconnection_16_4.vhd:15]
---------------------------------------------------------------------------------
Finished Synthesize : Time (s): cpu = 00:00:08 ; elapsed = 00:00:10 . Memory (MB): peak = 998.695 ; gain = 495.938
---------------------------------------------------------------------------------
---------------------------------------------------------------------------------
Finished Constraint Validation : Time (s): cpu = 00:00:08 ; elapsed = 00:00:10 . Memory (MB): peak = 998.695 ; gain = 495.938
---------------------------------------------------------------------------------
---------------------------------------------------------------------------------
Start Loading Part and Timing Information
---------------------------------------------------------------------------------
Loading part: xc7a50ticsg324-1L
---------------------------------------------------------------------------------
INFO: [Device 21-403] Loading part xc7a50ticsg324-1L
Finished Loading Part and Timing Information : Time (s): cpu = 00:00:08 ; elapsed = 00:00:10 . Memory (MB): peak = 998.695 ; gain = 495.938
---------------------------------------------------------------------------------
---------------------------------------------------------------------------------
Finished RTL Optimization Phase 2 : Time (s): cpu = 00:00:08 ; elapsed = 00:00:10 . Memory (MB): peak = 998.695 ; gain = 495.938
---------------------------------------------------------------------------------
No constraint files found.
---------------------------------------------------------------------------------
Start RTL Component Statistics 
---------------------------------------------------------------------------------
Detailed RTL Component Info : 
+---Muxes : 
	   2 Input    1 Bit        Muxes := 4     
---------------------------------------------------------------------------------
Finished RTL Component Statistics 
---------------------------------------------------------------------------------
---------------------------------------------------------------------------------
Start Part Resource Summary
---------------------------------------------------------------------------------
Part Resources:
DSPs: 120 (col length:60)
BRAMs: 150 (col length: RAMB18 60 RAMB36 30)
---------------------------------------------------------------------------------
Finished Part Resource Summary
---------------------------------------------------------------------------------
No constraint files found.
---------------------------------------------------------------------------------
Start Cross Boundary and Area Optimization
---------------------------------------------------------------------------------
WARNING: [Synth 8-7080] Parallel synthesis criteria is not met
---------------------------------------------------------------------------------
Finished Cross Boundary and Area Optimization : Time (s): cpu = 00:00:13 ; elapsed = 00:00:30 . Memory (MB): peak = 1191.828 ; gain = 689.070
---------------------------------------------------------------------------------
No constraint files found.
---------------------------------------------------------------------------------
Start Timing Optimization
---------------------------------------------------------------------------------
---------------------------------------------------------------------------------
Finished Timing Optimization : Time (s): cpu = 00:00:13 ; elapsed = 00:00:30 . Memory (MB): peak = 1193.199 ; gain = 690.441
---------------------------------------------------------------------------------
---------------------------------------------------------------------------------
Start Technology Mapping
---------------------------------------------------------------------------------
---------------------------------------------------------------------------------
Finished Technology Mapping : Time (s): cpu = 00:00:13 ; elapsed = 00:00:30 . Memory (MB): peak = 1193.199 ; gain = 690.441
---------------------------------------------------------------------------------
---------------------------------------------------------------------------------
Start IO Insertion
---------------------------------------------------------------------------------
---------------------------------------------------------------------------------
Start Flattening Before IO Insertion
---------------------------------------------------------------------------------
---------------------------------------------------------------------------------
Finished Flattening Before IO Insertion
---------------------------------------------------------------------------------
---------------------------------------------------------------------------------
Start Final Netlist Cleanup
---------------------------------------------------------------------------------
---------------------------------------------------------------------------------
Finished Final Netlist Cleanup
---------------------------------------------------------------------------------
---------------------------------------------------------------------------------
Finished IO Insertion : Time (s): cpu = 00:00:18 ; elapsed = 00:00:35 . Memory (MB): peak = 1194.234 ; gain = 691.477
---------------------------------------------------------------------------------
---------------------------------------------------------------------------------
Start Renaming Generated Instances
---------------------------------------------------------------------------------
---------------------------------------------------------------------------------
Finished Renaming Generated Instances : Time (s): cpu = 00:00:18 ; elapsed = 00:00:35 . Memory (MB): peak = 1194.234 ; gain = 691.477
---------------------------------------------------------------------------------
---------------------------------------------------------------------------------
Start Rebuilding User Hierarchy
---------------------------------------------------------------------------------
---------------------------------------------------------------------------------
Finished Rebuilding User Hierarchy : Time (s): cpu = 00:00:18 ; elapsed = 00:00:35 . Memory (MB): peak = 1194.234 ; gain = 691.477
---------------------------------------------------------------------------------
---------------------------------------------------------------------------------
Start Renaming Generated Ports
---------------------------------------------------------------------------------
---------------------------------------------------------------------------------
Finished Renaming Generated Ports : Time (s): cpu = 00:00:18 ; elapsed = 00:00:35 . Memory (MB): peak = 1194.234 ; gain = 691.477
---------------------------------------------------------------------------------
---------------------------------------------------------------------------------
Start Handling Custom Attributes
---------------------------------------------------------------------------------
---------------------------------------------------------------------------------
Finished Handling Custom Attributes : Time (s): cpu = 00:00:18 ; elapsed = 00:00:35 . Memory (MB): peak = 1194.234 ; gain = 691.477
---------------------------------------------------------------------------------
---------------------------------------------------------------------------------
Start Renaming Generated Nets
---------------------------------------------------------------------------------
---------------------------------------------------------------------------------
Finished Renaming Generated Nets : Time (s): cpu = 00:00:18 ; elapsed = 00:00:35 . Memory (MB): peak = 1194.234 ; gain = 691.477
---------------------------------------------------------------------------------
---------------------------------------------------------------------------------
Start Writing Synthesis Report
---------------------------------------------------------------------------------

Report BlackBoxes: 
+-+--------------+----------+
| |BlackBox name |Instances |
+-+--------------+----------+
+-+--------------+----------+

Report Cell Usage: 
+------+------+------+
|      |Cell  |Count |
+------+------+------+
|1     |LUT5  |     4|
|2     |LUT6  |     4|
|3     |MUXF7 |     2|
|4     |IBUF  |    22|
|5     |OBUF  |     4|
+------+------+------+

Report Instance Areas: 
+------+---------+-------+------+
|      |Instance |Module |Cells |
+------+---------+-------+------+
|1     |top      |       |    36|
+------+---------+-------+------+
---------------------------------------------------------------------------------
Finished Writing Synthesis Report : Time (s): cpu = 00:00:18 ; elapsed = 00:00:35 . Memory (MB): peak = 1194.234 ; gain = 691.477
---------------------------------------------------------------------------------
Synthesis finished with 0 errors, 0 critical warnings and 1 warnings.
Synthesis Optimization Runtime : Time (s): cpu = 00:00:18 ; elapsed = 00:00:35 . Memory (MB): peak = 1194.234 ; gain = 691.477
Synthesis Optimization Complete : Time (s): cpu = 00:00:18 ; elapsed = 00:00:35 . Memory (MB): peak = 1194.234 ; gain = 691.477
INFO: [Project 1-571] Translating synthesized netlist
Netlist sorting complete. Time (s): cpu = 00:00:00 ; elapsed = 00:00:00.002 . Memory (MB): peak = 1206.262 ; gain = 0.000
INFO: [Netlist 29-17] Analyzing 2 Unisim elements for replacement
INFO: [Netlist 29-28] Unisim Transformation completed in 0 CPU seconds
INFO: [Project 1-570] Preparing netlist for logic optimization
INFO: [Opt 31-138] Pushed 0 inverter(s) to 0 load pin(s).
Netlist sorting complete. Time (s): cpu = 00:00:00 ; elapsed = 00:00:00 . Memory (MB): peak = 1297.453 ; gain = 0.000
INFO: [Project 1-111] Unisim Transformation Summary:
No Unisim elements were transformed.

Synth Design complete | Checksum: 903d75cc
INFO: [Common 17-83] Releasing license: Synthesis
26 Infos, 1 Warnings, 0 Critical Warnings and 0 Errors encountered.
synth_design completed successfully
synth_design: Time (s): cpu = 00:00:20 ; elapsed = 00:00:37 . Memory (MB): peak = 1297.453 ; gain = 802.832
INFO: [Common 17-1381] The checkpoint 'Z:/University/Architettura Sistemi Digitali/VHDL/exercise/exe 1.2 - Rete inteconnessione 16_4/exe 1.2 - Rete inteconnessione 16_4.runs/synth_1/interconnection_16_4.dcp' has been generated.
INFO: [runtcl-4] Executing : report_utilization -file interconnection_16_4_utilization_synth.rpt -pb interconnection_16_4_utilization_synth.pb
INFO: [Common 17-206] Exiting Vivado at Fri Oct 25 08:05:35 2024...
