
*** Running vivado
    with args -log omega_network.vds -m64 -product Vivado -mode batch -messageDb vivado.pb -notrace -source omega_network.tcl


ECHO is off.
ECHO is off.

****** Vivado v2023.1 (64-bit)
  **** SW Build 3865809 on Sun May  7 15:05:29 MDT 2023
  **** IP Build 3864474 on Sun May  7 20:36:21 MDT 2023
  **** SharedData Build 3865790 on Sun May 07 13:33:03 MDT 2023
    ** Copyright 1986-2022 Xilinx, Inc. All Rights Reserved.
    ** Copyright 2022-2023 Advanced Micro Devices, Inc. All Rights Reserved.

source omega_network.tcl -notrace
create_project: Time (s): cpu = 00:00:08 ; elapsed = 00:00:14 . Memory (MB): peak = 500.766 ; gain = 231.523
Command: read_checkpoint -auto_incremental -incremental {Z:/University/Architettura Sistemi Digitali/VHDL/exercise/exe 11.1/exe 11.1.srcs/utils_1/imports/synth_1/switch_2_2.dcp}
INFO: [Vivado 12-5825] Read reference checkpoint from Z:/University/Architettura Sistemi Digitali/VHDL/exercise/exe 11.1/exe 11.1.srcs/utils_1/imports/synth_1/switch_2_2.dcp for incremental synthesis
INFO: [Vivado 12-7989] Please ensure there are no constraint changes
Command: synth_design -top omega_network -part xc7a100tcsg324-1
Starting synth_design
Attempting to get a license for feature 'Synthesis' and/or device 'xc7a100t'
INFO: [Common 17-349] Got license for feature 'Synthesis' and/or device 'xc7a100t'
INFO: [Designutils 20-5440] No compile time benefit to using incremental synthesis; A full resynthesis will be run
INFO: [Designutils 20-4379] Flow is switching to default flow due to incremental criteria not met. If you would like to alter this behaviour and have the flow terminate instead, please set the following parameter config_implementation {autoIncr.Synth.RejectBehavior Terminate}
INFO: [Synth 8-7079] Multithreading enabled for synth_design using a maximum of 2 processes.
INFO: [Synth 8-7078] Launching helper process for spawning children vivado processes
INFO: [Synth 8-7075] Helper process launched with PID 15480
---------------------------------------------------------------------------------
Starting Synthesize : Time (s): cpu = 00:00:05 ; elapsed = 00:00:07 . Memory (MB): peak = 937.184 ; gain = 404.855
---------------------------------------------------------------------------------
INFO: [Synth 8-638] synthesizing module 'omega_network' [Z:/University/Architettura Sistemi Digitali/VHDL/exercise/exe 11.1/exe 11.1.srcs/sources_1/new/omega_network.vhd:18]
INFO: [Synth 8-638] synthesizing module 'switch_2_2' [Z:/University/Architettura Sistemi Digitali/VHDL/exercise/exe 11.1/exe 11.1.srcs/sources_1/new/switch.vhd:19]
	Parameter N bound to: 4 - type: integer 
INFO: [Synth 8-638] synthesizing module 'mux_2_1' [Z:/University/Architettura Sistemi Digitali/VHDL/exercise/exe 11.1/exe 11.1.srcs/sources_1/imports/1-multiplexer21_dataflow/mux_2_1.vhd:22]
	Parameter N bound to: 3 - type: integer 
INFO: [Synth 8-256] done synthesizing module 'mux_2_1' (0#1) [Z:/University/Architettura Sistemi Digitali/VHDL/exercise/exe 11.1/exe 11.1.srcs/sources_1/imports/1-multiplexer21_dataflow/mux_2_1.vhd:22]
INFO: [Synth 8-638] synthesizing module 'mux_2_1__parameterized0' [Z:/University/Architettura Sistemi Digitali/VHDL/exercise/exe 11.1/exe 11.1.srcs/sources_1/imports/1-multiplexer21_dataflow/mux_2_1.vhd:22]
	Parameter N bound to: 1 - type: integer 
INFO: [Synth 8-256] done synthesizing module 'mux_2_1__parameterized0' (0#1) [Z:/University/Architettura Sistemi Digitali/VHDL/exercise/exe 11.1/exe 11.1.srcs/sources_1/imports/1-multiplexer21_dataflow/mux_2_1.vhd:22]
INFO: [Synth 8-638] synthesizing module 'demux_1_2' [Z:/University/Architettura Sistemi Digitali/VHDL/exercise/exe 11.1/exe 11.1.srcs/sources_1/new/demux_1_2.vhd:17]
	Parameter N bound to: 3 - type: integer 
INFO: [Synth 8-256] done synthesizing module 'demux_1_2' (0#1) [Z:/University/Architettura Sistemi Digitali/VHDL/exercise/exe 11.1/exe 11.1.srcs/sources_1/new/demux_1_2.vhd:17]
INFO: [Synth 8-256] done synthesizing module 'switch_2_2' (0#1) [Z:/University/Architettura Sistemi Digitali/VHDL/exercise/exe 11.1/exe 11.1.srcs/sources_1/new/switch.vhd:19]
INFO: [Synth 8-638] synthesizing module 'switch_2_2__parameterized0' [Z:/University/Architettura Sistemi Digitali/VHDL/exercise/exe 11.1/exe 11.1.srcs/sources_1/new/switch.vhd:19]
	Parameter N bound to: 3 - type: integer 
INFO: [Synth 8-638] synthesizing module 'mux_2_1__parameterized1' [Z:/University/Architettura Sistemi Digitali/VHDL/exercise/exe 11.1/exe 11.1.srcs/sources_1/imports/1-multiplexer21_dataflow/mux_2_1.vhd:22]
	Parameter N bound to: 2 - type: integer 
INFO: [Synth 8-256] done synthesizing module 'mux_2_1__parameterized1' (0#1) [Z:/University/Architettura Sistemi Digitali/VHDL/exercise/exe 11.1/exe 11.1.srcs/sources_1/imports/1-multiplexer21_dataflow/mux_2_1.vhd:22]
INFO: [Synth 8-638] synthesizing module 'demux_1_2__parameterized0' [Z:/University/Architettura Sistemi Digitali/VHDL/exercise/exe 11.1/exe 11.1.srcs/sources_1/new/demux_1_2.vhd:17]
	Parameter N bound to: 2 - type: integer 
INFO: [Synth 8-256] done synthesizing module 'demux_1_2__parameterized0' (0#1) [Z:/University/Architettura Sistemi Digitali/VHDL/exercise/exe 11.1/exe 11.1.srcs/sources_1/new/demux_1_2.vhd:17]
INFO: [Synth 8-256] done synthesizing module 'switch_2_2__parameterized0' (0#1) [Z:/University/Architettura Sistemi Digitali/VHDL/exercise/exe 11.1/exe 11.1.srcs/sources_1/new/switch.vhd:19]
INFO: [Synth 8-256] done synthesizing module 'omega_network' (0#1) [Z:/University/Architettura Sistemi Digitali/VHDL/exercise/exe 11.1/exe 11.1.srcs/sources_1/new/omega_network.vhd:18]
WARNING: [Synth 8-7129] Port source_req[0] in module omega_network is either unconnected or has no load
---------------------------------------------------------------------------------
Finished Synthesize : Time (s): cpu = 00:00:07 ; elapsed = 00:00:10 . Memory (MB): peak = 1027.387 ; gain = 495.059
---------------------------------------------------------------------------------
---------------------------------------------------------------------------------
Finished Constraint Validation : Time (s): cpu = 00:00:07 ; elapsed = 00:00:10 . Memory (MB): peak = 1027.387 ; gain = 495.059
---------------------------------------------------------------------------------
---------------------------------------------------------------------------------
Start Loading Part and Timing Information
---------------------------------------------------------------------------------
Loading part: xc7a100tcsg324-1
---------------------------------------------------------------------------------
Finished Loading Part and Timing Information : Time (s): cpu = 00:00:07 ; elapsed = 00:00:10 . Memory (MB): peak = 1027.387 ; gain = 495.059
---------------------------------------------------------------------------------
INFO: [Device 21-403] Loading part xc7a100tcsg324-1
---------------------------------------------------------------------------------
Finished RTL Optimization Phase 2 : Time (s): cpu = 00:00:07 ; elapsed = 00:00:11 . Memory (MB): peak = 1027.387 ; gain = 495.059
---------------------------------------------------------------------------------
No constraint files found.
---------------------------------------------------------------------------------
Start RTL Component Statistics 
---------------------------------------------------------------------------------
Detailed RTL Component Info : 
+---Muxes : 
	   2 Input    3 Bit        Muxes := 6     
	   2 Input    2 Bit        Muxes := 6     
	   2 Input    1 Bit        Muxes := 4     
---------------------------------------------------------------------------------
Finished RTL Component Statistics 
---------------------------------------------------------------------------------
---------------------------------------------------------------------------------
Start Part Resource Summary
---------------------------------------------------------------------------------
Part Resources:
DSPs: 240 (col length:80)
BRAMs: 270 (col length: RAMB18 80 RAMB36 40)
---------------------------------------------------------------------------------
Finished Part Resource Summary
---------------------------------------------------------------------------------
No constraint files found.
---------------------------------------------------------------------------------
Start Cross Boundary and Area Optimization
---------------------------------------------------------------------------------
WARNING: [Synth 8-7080] Parallel synthesis criteria is not met
WARNING: [Synth 8-7129] Port source_req[0] in module omega_network is either unconnected or has no load
---------------------------------------------------------------------------------
Finished Cross Boundary and Area Optimization : Time (s): cpu = 00:00:12 ; elapsed = 00:00:19 . Memory (MB): peak = 1239.844 ; gain = 707.516
---------------------------------------------------------------------------------
No constraint files found.
---------------------------------------------------------------------------------
Start Timing Optimization
---------------------------------------------------------------------------------
---------------------------------------------------------------------------------
Finished Timing Optimization : Time (s): cpu = 00:00:12 ; elapsed = 00:00:19 . Memory (MB): peak = 1243.270 ; gain = 710.941
---------------------------------------------------------------------------------
---------------------------------------------------------------------------------
Start Technology Mapping
---------------------------------------------------------------------------------
---------------------------------------------------------------------------------
Finished Technology Mapping : Time (s): cpu = 00:00:12 ; elapsed = 00:00:19 . Memory (MB): peak = 1243.270 ; gain = 710.941
---------------------------------------------------------------------------------
---------------------------------------------------------------------------------
Start IO Insertion
---------------------------------------------------------------------------------
---------------------------------------------------------------------------------
Start Flattening Before IO Insertion
---------------------------------------------------------------------------------
---------------------------------------------------------------------------------
Finished Flattening Before IO Insertion
---------------------------------------------------------------------------------
---------------------------------------------------------------------------------
Start Final Netlist Cleanup
---------------------------------------------------------------------------------
---------------------------------------------------------------------------------
Finished Final Netlist Cleanup
---------------------------------------------------------------------------------
---------------------------------------------------------------------------------
Finished IO Insertion : Time (s): cpu = 00:00:17 ; elapsed = 00:00:26 . Memory (MB): peak = 1243.270 ; gain = 710.941
---------------------------------------------------------------------------------
---------------------------------------------------------------------------------
Start Renaming Generated Instances
---------------------------------------------------------------------------------
---------------------------------------------------------------------------------
Finished Renaming Generated Instances : Time (s): cpu = 00:00:17 ; elapsed = 00:00:26 . Memory (MB): peak = 1243.270 ; gain = 710.941
---------------------------------------------------------------------------------
---------------------------------------------------------------------------------
Start Rebuilding User Hierarchy
---------------------------------------------------------------------------------
---------------------------------------------------------------------------------
Finished Rebuilding User Hierarchy : Time (s): cpu = 00:00:17 ; elapsed = 00:00:26 . Memory (MB): peak = 1243.270 ; gain = 710.941
---------------------------------------------------------------------------------
---------------------------------------------------------------------------------
Start Renaming Generated Ports
---------------------------------------------------------------------------------
---------------------------------------------------------------------------------
Finished Renaming Generated Ports : Time (s): cpu = 00:00:17 ; elapsed = 00:00:26 . Memory (MB): peak = 1243.270 ; gain = 710.941
---------------------------------------------------------------------------------
---------------------------------------------------------------------------------
Start Handling Custom Attributes
---------------------------------------------------------------------------------
---------------------------------------------------------------------------------
Finished Handling Custom Attributes : Time (s): cpu = 00:00:17 ; elapsed = 00:00:26 . Memory (MB): peak = 1243.270 ; gain = 710.941
---------------------------------------------------------------------------------
---------------------------------------------------------------------------------
Start Renaming Generated Nets
---------------------------------------------------------------------------------
---------------------------------------------------------------------------------
Finished Renaming Generated Nets : Time (s): cpu = 00:00:17 ; elapsed = 00:00:26 . Memory (MB): peak = 1243.270 ; gain = 710.941
---------------------------------------------------------------------------------
---------------------------------------------------------------------------------
Start Writing Synthesis Report
---------------------------------------------------------------------------------

Report BlackBoxes: 
+-+--------------+----------+
| |BlackBox name |Instances |
+-+--------------+----------+
+-+--------------+----------+

Report Cell Usage: 
+------+-----+------+
|      |Cell |Count |
+------+-----+------+
|1     |LUT3 |     4|
|2     |LUT5 |     6|
|3     |LUT6 |    10|
|4     |IBUF |    19|
|5     |OBUF |     8|
+------+-----+------+

Report Instance Areas: 
+------+---------+-------+------+
|      |Instance |Module |Cells |
+------+---------+-------+------+
|1     |top      |       |    47|
+------+---------+-------+------+
---------------------------------------------------------------------------------
Finished Writing Synthesis Report : Time (s): cpu = 00:00:17 ; elapsed = 00:00:26 . Memory (MB): peak = 1243.270 ; gain = 710.941
---------------------------------------------------------------------------------
Synthesis finished with 0 errors, 0 critical warnings and 3 warnings.
Synthesis Optimization Runtime : Time (s): cpu = 00:00:17 ; elapsed = 00:00:26 . Memory (MB): peak = 1243.270 ; gain = 710.941
Synthesis Optimization Complete : Time (s): cpu = 00:00:17 ; elapsed = 00:00:26 . Memory (MB): peak = 1243.270 ; gain = 710.941
INFO: [Project 1-571] Translating synthesized netlist
Netlist sorting complete. Time (s): cpu = 00:00:00 ; elapsed = 00:00:00.002 . Memory (MB): peak = 1255.273 ; gain = 0.000
INFO: [Project 1-570] Preparing netlist for logic optimization
INFO: [Opt 31-138] Pushed 0 inverter(s) to 0 load pin(s).
Netlist sorting complete. Time (s): cpu = 00:00:00 ; elapsed = 00:00:00 . Memory (MB): peak = 1349.270 ; gain = 0.000
INFO: [Project 1-111] Unisim Transformation Summary:
No Unisim elements were transformed.

Synth Design complete | Checksum: 284d6f3
INFO: [Common 17-83] Releasing license: Synthesis
30 Infos, 3 Warnings, 0 Critical Warnings and 0 Errors encountered.
synth_design completed successfully
synth_design: Time (s): cpu = 00:00:19 ; elapsed = 00:00:29 . Memory (MB): peak = 1349.270 ; gain = 823.668
INFO: [Common 17-1381] The checkpoint 'Z:/University/Architettura Sistemi Digitali/VHDL/exercise/exe 11.1/exe 11.1.runs/synth_1/omega_network.dcp' has been generated.
INFO: [runtcl-4] Executing : report_utilization -file omega_network_utilization_synth.rpt -pb omega_network_utilization_synth.pb
INFO: [Common 17-206] Exiting Vivado at Sun Dec  1 14:49:40 2024...
