
*** Running vivado
    with args -log m_system.vds -m64 -product Vivado -mode batch -messageDb vivado.pb -notrace -source m_system.tcl


ECHO is off.
ECHO is off.

****** Vivado v2023.1 (64-bit)
  **** SW Build 3865809 on Sun May  7 15:05:29 MDT 2023
  **** IP Build 3864474 on Sun May  7 20:36:21 MDT 2023
  **** SharedData Build 3865790 on Sun May 07 13:33:03 MDT 2023
    ** Copyright 1986-2022 Xilinx, Inc. All Rights Reserved.
    ** Copyright 2022-2023 Advanced Micro Devices, Inc. All Rights Reserved.

source m_system.tcl -notrace
create_project: Time (s): cpu = 00:00:09 ; elapsed = 00:00:13 . Memory (MB): peak = 500.059 ; gain = 230.523
Command: read_checkpoint -auto_incremental -incremental {Z:/University/Architettura Sistemi Digitali/VHDL/exercise/exe 2.1 - ROM+M/exe 2.1 - ROM+M.srcs/utils_1/imports/synth_1/encoder_8_4.dcp}
INFO: [Vivado 12-5825] Read reference checkpoint from Z:/University/Architettura Sistemi Digitali/VHDL/exercise/exe 2.1 - ROM+M/exe 2.1 - ROM+M.srcs/utils_1/imports/synth_1/encoder_8_4.dcp for incremental synthesis
INFO: [Vivado 12-7989] Please ensure there are no constraint changes
Command: synth_design -top m_system -part xc7a100tcsg324-1
Starting synth_design
Attempting to get a license for feature 'Synthesis' and/or device 'xc7a100t'
INFO: [Common 17-349] Got license for feature 'Synthesis' and/or device 'xc7a100t'
INFO: [Device 21-403] Loading part xc7a100tcsg324-1
INFO: [Designutils 20-5440] No compile time benefit to using incremental synthesis; A full resynthesis will be run
INFO: [Designutils 20-4379] Flow is switching to default flow due to incremental criteria not met. If you would like to alter this behaviour and have the flow terminate instead, please set the following parameter config_implementation {autoIncr.Synth.RejectBehavior Terminate}
INFO: [Synth 8-7079] Multithreading enabled for synth_design using a maximum of 2 processes.
INFO: [Synth 8-7078] Launching helper process for spawning children vivado processes
INFO: [Synth 8-7075] Helper process launched with PID 9104
---------------------------------------------------------------------------------
Starting RTL Elaboration : Time (s): cpu = 00:00:05 ; elapsed = 00:00:07 . Memory (MB): peak = 1329.859 ; gain = 411.121
---------------------------------------------------------------------------------
INFO: [Synth 8-638] synthesizing module 'm_system' [Z:/University/Architettura Sistemi Digitali/VHDL/exercise/exe 2.1 - ROM+M/exe 2.1 - ROM+M.srcs/sources_1/new/m_system.vhd:10]
INFO: [Synth 8-638] synthesizing module 'decoder_4_16' [Z:/University/Architettura Sistemi Digitali/VHDL/exercise/exe 2.1 - ROM+M/exe 2.1 - ROM+M.srcs/sources_1/new/decoder_4_16.vhd:9]
INFO: [Synth 8-226] default block is never used [Z:/University/Architettura Sistemi Digitali/VHDL/exercise/exe 2.1 - ROM+M/exe 2.1 - ROM+M.srcs/sources_1/new/decoder_4_16.vhd:16]
INFO: [Synth 8-256] done synthesizing module 'decoder_4_16' (0#1) [Z:/University/Architettura Sistemi Digitali/VHDL/exercise/exe 2.1 - ROM+M/exe 2.1 - ROM+M.srcs/sources_1/new/decoder_4_16.vhd:9]
INFO: [Synth 8-638] synthesizing module 'rom_16x8_one_hot' [Z:/University/Architettura Sistemi Digitali/VHDL/exercise/exe 2.1 - ROM+M/exe 2.1 - ROM+M.srcs/sources_1/imports/VIVADO-PROJECTS/ROM_16x8/ROM_16x8.srcs/sources_1/new/rom_16x8.vhd:11]
INFO: [Synth 8-256] done synthesizing module 'rom_16x8_one_hot' (0#1) [Z:/University/Architettura Sistemi Digitali/VHDL/exercise/exe 2.1 - ROM+M/exe 2.1 - ROM+M.srcs/sources_1/imports/VIVADO-PROJECTS/ROM_16x8/ROM_16x8.srcs/sources_1/new/rom_16x8.vhd:11]
INFO: [Synth 8-638] synthesizing module 'm_trasformation' [Z:/University/Architettura Sistemi Digitali/VHDL/exercise/exe 2.1 - ROM+M/exe 2.1 - ROM+M.srcs/sources_1/new/m_trasformation.vhd:9]
INFO: [Synth 8-256] done synthesizing module 'm_trasformation' (0#1) [Z:/University/Architettura Sistemi Digitali/VHDL/exercise/exe 2.1 - ROM+M/exe 2.1 - ROM+M.srcs/sources_1/new/m_trasformation.vhd:9]
INFO: [Synth 8-256] done synthesizing module 'm_system' (0#1) [Z:/University/Architettura Sistemi Digitali/VHDL/exercise/exe 2.1 - ROM+M/exe 2.1 - ROM+M.srcs/sources_1/new/m_system.vhd:10]
WARNING: [Synth 8-7129] Port i[7] in module m_trasformation is either unconnected or has no load
WARNING: [Synth 8-7129] Port i[6] in module m_trasformation is either unconnected or has no load
WARNING: [Synth 8-7129] Port i[1] in module m_trasformation is either unconnected or has no load
WARNING: [Synth 8-7129] Port i[0] in module m_trasformation is either unconnected or has no load
---------------------------------------------------------------------------------
Finished RTL Elaboration : Time (s): cpu = 00:00:07 ; elapsed = 00:00:10 . Memory (MB): peak = 1419.512 ; gain = 500.773
---------------------------------------------------------------------------------
---------------------------------------------------------------------------------
Start Handling Custom Attributes
---------------------------------------------------------------------------------
---------------------------------------------------------------------------------
Finished Handling Custom Attributes : Time (s): cpu = 00:00:07 ; elapsed = 00:00:10 . Memory (MB): peak = 1419.512 ; gain = 500.773
---------------------------------------------------------------------------------
---------------------------------------------------------------------------------
Finished RTL Optimization Phase 1 : Time (s): cpu = 00:00:07 ; elapsed = 00:00:10 . Memory (MB): peak = 1419.512 ; gain = 500.773
---------------------------------------------------------------------------------
Netlist sorting complete. Time (s): cpu = 00:00:00 ; elapsed = 00:00:00.001 . Memory (MB): peak = 1419.512 ; gain = 0.000
INFO: [Project 1-570] Preparing netlist for logic optimization

Processing XDC Constraints
Initializing timing engine
Parsing XDC File [Z:/University/Architettura Sistemi Digitali/VHDL/exercise/exe 2.1 - ROM+M/exe 2.1 - ROM+M.srcs/constrs_1/imports/digilent-xdc-master/Nexys-A7-100T-Master.xdc]
Finished Parsing XDC File [Z:/University/Architettura Sistemi Digitali/VHDL/exercise/exe 2.1 - ROM+M/exe 2.1 - ROM+M.srcs/constrs_1/imports/digilent-xdc-master/Nexys-A7-100T-Master.xdc]
INFO: [Project 1-236] Implementation specific constraints were found while reading constraint file [Z:/University/Architettura Sistemi Digitali/VHDL/exercise/exe 2.1 - ROM+M/exe 2.1 - ROM+M.srcs/constrs_1/imports/digilent-xdc-master/Nexys-A7-100T-Master.xdc]. These constraints will be ignored for synthesis but will be used in implementation. Impacted constraints are listed in the file [.Xil/m_system_propImpl.xdc].
Resolution: To avoid this warning, move constraints listed in [.Xil/m_system_propImpl.xdc] to another XDC file and exclude this new file from synthesis with the used_in_synthesis property (File Properties dialog in GUI) and re-run elaboration/synthesis.
Completed Processing XDC Constraints

Netlist sorting complete. Time (s): cpu = 00:00:00 ; elapsed = 00:00:00 . Memory (MB): peak = 1419.512 ; gain = 0.000
INFO: [Project 1-111] Unisim Transformation Summary:
No Unisim elements were transformed.

Constraint Validation Runtime : Time (s): cpu = 00:00:00 ; elapsed = 00:00:00.003 . Memory (MB): peak = 1419.512 ; gain = 0.000
INFO: [Designutils 20-5440] No compile time benefit to using incremental synthesis; A full resynthesis will be run
INFO: [Designutils 20-4379] Flow is switching to default flow due to incremental criteria not met. If you would like to alter this behaviour and have the flow terminate instead, please set the following parameter config_implementation {autoIncr.Synth.RejectBehavior Terminate}
---------------------------------------------------------------------------------
Finished Constraint Validation : Time (s): cpu = 00:00:15 ; elapsed = 00:00:20 . Memory (MB): peak = 1419.512 ; gain = 500.773
---------------------------------------------------------------------------------
---------------------------------------------------------------------------------
Start Loading Part and Timing Information
---------------------------------------------------------------------------------
Loading part: xc7a100tcsg324-1
---------------------------------------------------------------------------------
Finished Loading Part and Timing Information : Time (s): cpu = 00:00:15 ; elapsed = 00:00:20 . Memory (MB): peak = 1419.512 ; gain = 500.773
---------------------------------------------------------------------------------
---------------------------------------------------------------------------------
Start Applying 'set_property' XDC Constraints
---------------------------------------------------------------------------------
---------------------------------------------------------------------------------
Finished applying 'set_property' XDC Constraints : Time (s): cpu = 00:00:15 ; elapsed = 00:00:20 . Memory (MB): peak = 1419.512 ; gain = 500.773
---------------------------------------------------------------------------------
---------------------------------------------------------------------------------
Finished RTL Optimization Phase 2 : Time (s): cpu = 00:00:15 ; elapsed = 00:00:20 . Memory (MB): peak = 1419.512 ; gain = 500.773
---------------------------------------------------------------------------------
---------------------------------------------------------------------------------
Start RTL Component Statistics 
---------------------------------------------------------------------------------
Detailed RTL Component Info : 
+---Muxes : 
	  17 Input    8 Bit        Muxes := 1     
---------------------------------------------------------------------------------
Finished RTL Component Statistics 
---------------------------------------------------------------------------------
---------------------------------------------------------------------------------
Start Part Resource Summary
---------------------------------------------------------------------------------
Part Resources:
DSPs: 240 (col length:80)
BRAMs: 270 (col length: RAMB18 80 RAMB36 40)
---------------------------------------------------------------------------------
Finished Part Resource Summary
---------------------------------------------------------------------------------
---------------------------------------------------------------------------------
Start Cross Boundary and Area Optimization
---------------------------------------------------------------------------------
WARNING: [Synth 8-7080] Parallel synthesis criteria is not met
---------------------------------------------------------------------------------
Finished Cross Boundary and Area Optimization : Time (s): cpu = 00:00:17 ; elapsed = 00:00:23 . Memory (MB): peak = 1419.512 ; gain = 500.773
---------------------------------------------------------------------------------
---------------------------------------------------------------------------------
Start Applying XDC Timing Constraints
---------------------------------------------------------------------------------
---------------------------------------------------------------------------------
Finished Applying XDC Timing Constraints : Time (s): cpu = 00:00:23 ; elapsed = 00:00:30 . Memory (MB): peak = 1419.512 ; gain = 500.773
---------------------------------------------------------------------------------
---------------------------------------------------------------------------------
Start Timing Optimization
---------------------------------------------------------------------------------
---------------------------------------------------------------------------------
Finished Timing Optimization : Time (s): cpu = 00:00:23 ; elapsed = 00:00:30 . Memory (MB): peak = 1419.512 ; gain = 500.773
---------------------------------------------------------------------------------
---------------------------------------------------------------------------------
Start Technology Mapping
---------------------------------------------------------------------------------
---------------------------------------------------------------------------------
Finished Technology Mapping : Time (s): cpu = 00:00:23 ; elapsed = 00:00:30 . Memory (MB): peak = 1422.449 ; gain = 503.711
---------------------------------------------------------------------------------
---------------------------------------------------------------------------------
Start IO Insertion
---------------------------------------------------------------------------------
---------------------------------------------------------------------------------
Start Flattening Before IO Insertion
---------------------------------------------------------------------------------
---------------------------------------------------------------------------------
Finished Flattening Before IO Insertion
---------------------------------------------------------------------------------
---------------------------------------------------------------------------------
Start Final Netlist Cleanup
---------------------------------------------------------------------------------
---------------------------------------------------------------------------------
Finished Final Netlist Cleanup
---------------------------------------------------------------------------------
---------------------------------------------------------------------------------
Finished IO Insertion : Time (s): cpu = 00:00:28 ; elapsed = 00:00:38 . Memory (MB): peak = 1438.137 ; gain = 519.398
---------------------------------------------------------------------------------
---------------------------------------------------------------------------------
Start Renaming Generated Instances
---------------------------------------------------------------------------------
---------------------------------------------------------------------------------
Finished Renaming Generated Instances : Time (s): cpu = 00:00:28 ; elapsed = 00:00:38 . Memory (MB): peak = 1438.137 ; gain = 519.398
---------------------------------------------------------------------------------
---------------------------------------------------------------------------------
Start Rebuilding User Hierarchy
---------------------------------------------------------------------------------
---------------------------------------------------------------------------------
Finished Rebuilding User Hierarchy : Time (s): cpu = 00:00:28 ; elapsed = 00:00:38 . Memory (MB): peak = 1438.137 ; gain = 519.398
---------------------------------------------------------------------------------
---------------------------------------------------------------------------------
Start Renaming Generated Ports
---------------------------------------------------------------------------------
---------------------------------------------------------------------------------
Finished Renaming Generated Ports : Time (s): cpu = 00:00:28 ; elapsed = 00:00:38 . Memory (MB): peak = 1438.137 ; gain = 519.398
---------------------------------------------------------------------------------
---------------------------------------------------------------------------------
Start Handling Custom Attributes
---------------------------------------------------------------------------------
---------------------------------------------------------------------------------
Finished Handling Custom Attributes : Time (s): cpu = 00:00:28 ; elapsed = 00:00:38 . Memory (MB): peak = 1438.137 ; gain = 519.398
---------------------------------------------------------------------------------
---------------------------------------------------------------------------------
Start Renaming Generated Nets
---------------------------------------------------------------------------------
---------------------------------------------------------------------------------
Finished Renaming Generated Nets : Time (s): cpu = 00:00:28 ; elapsed = 00:00:38 . Memory (MB): peak = 1438.137 ; gain = 519.398
---------------------------------------------------------------------------------
---------------------------------------------------------------------------------
Start Writing Synthesis Report
---------------------------------------------------------------------------------

Report BlackBoxes: 
+-+--------------+----------+
| |BlackBox name |Instances |
+-+--------------+----------+
+-+--------------+----------+

Report Cell Usage: 
+------+-----+------+
|      |Cell |Count |
+------+-----+------+
|1     |LUT4 |     4|
|2     |IBUF |     4|
|3     |OBUF |     4|
+------+-----+------+
---------------------------------------------------------------------------------
Finished Writing Synthesis Report : Time (s): cpu = 00:00:28 ; elapsed = 00:00:38 . Memory (MB): peak = 1438.137 ; gain = 519.398
---------------------------------------------------------------------------------
Synthesis finished with 0 errors, 0 critical warnings and 1 warnings.
Synthesis Optimization Runtime : Time (s): cpu = 00:00:20 ; elapsed = 00:00:35 . Memory (MB): peak = 1438.137 ; gain = 519.398
Synthesis Optimization Complete : Time (s): cpu = 00:00:29 ; elapsed = 00:00:38 . Memory (MB): peak = 1438.137 ; gain = 519.398
INFO: [Project 1-571] Translating synthesized netlist
Netlist sorting complete. Time (s): cpu = 00:00:00 ; elapsed = 00:00:00 . Memory (MB): peak = 1450.188 ; gain = 0.000
INFO: [Project 1-570] Preparing netlist for logic optimization
INFO: [Opt 31-138] Pushed 0 inverter(s) to 0 load pin(s).
Netlist sorting complete. Time (s): cpu = 00:00:00 ; elapsed = 00:00:00.001 . Memory (MB): peak = 1456.820 ; gain = 0.000
INFO: [Project 1-111] Unisim Transformation Summary:
No Unisim elements were transformed.

Synth Design complete | Checksum: 9cd320a8
INFO: [Common 17-83] Releasing license: Synthesis
28 Infos, 5 Warnings, 0 Critical Warnings and 0 Errors encountered.
synth_design completed successfully
synth_design: Time (s): cpu = 00:00:33 ; elapsed = 00:00:47 . Memory (MB): peak = 1456.820 ; gain = 931.934
INFO: [Common 17-1381] The checkpoint 'Z:/University/Architettura Sistemi Digitali/VHDL/exercise/exe 2.1 - ROM+M/exe 2.1 - ROM+M.runs/synth_1/m_system.dcp' has been generated.
INFO: [runtcl-4] Executing : report_utilization -file m_system_utilization_synth.rpt -pb m_system_utilization_synth.pb
INFO: [Common 17-206] Exiting Vivado at Tue Dec  3 18:24:04 2024...
